<?xml version="1.0" encoding="UTF-8"?>
<!-- Generated by org.testng.reporters.JUnitReportReporter -->
<testsuite skipped="0" hostname="LAPTOP-DCCOGBUJ" name="pages.PickList_Runner" tests="1" failures="0" timestamp="2021-07-30T19:27:16 IST" time="39.521" errors="0">
  <testcase name="runScenario" time="39.521" classname="pages.PickList_Runner"/>
  <system-out/>
</testsuite> <!-- pages.PickList_Runner -->
