<?xml version="1.0" encoding="UTF-8"?>
<!-- Generated by org.testng.reporters.JUnitReportReporter -->
<testsuite skipped="0" hostname="ADMIN-PC" name="testSuite.Lead_Runner" tests="7" failures="0" timestamp="2021-07-19T13:50:24 IST" time="190.795" errors="0">
  <testcase name="runScenario" time="41.515" classname="testSuite.Lead_Runner"/>
  <system-out/>
  <testcase name="runScenario" time="43.095" classname="testSuite.Lead_Runner"/>
  <system-out/>
  <testcase name="runScenario" time="52.297" classname="testSuite.Lead_Runner"/>
  <system-out/>
  <testcase name="runScenario" time="7.577" classname="testSuite.Lead_Runner"/>
  <system-out/>
  <testcase name="runScenario" time="17.025" classname="testSuite.Lead_Runner"/>
  <system-out/>
  <testcase name="runScenario" time="10.269" classname="testSuite.Lead_Runner"/>
  <system-out/>
  <testcase name="runScenario" time="19.017" classname="testSuite.Lead_Runner"/>
  <system-out/>
</testsuite> <!-- testSuite.Lead_Runner -->
