<?xml version="1.0" encoding="UTF-8"?>
<!-- Generated by org.testng.reporters.JUnitReportReporter -->
<testsuite skipped="0" hostname="LAPTOP-DCCOGBUJ" name="pages.Runner" tests="5" failures="0" timestamp="2021-07-30T19:27:16 IST" time="95.529" errors="0">
  <testcase name="runScenario" time="8.160" classname="pages.Runner"/>
  <system-out/>
  <testcase name="runScenario" time="2.483" classname="pages.Runner"/>
  <system-out/>
  <testcase name="runScenario" time="57.333" classname="pages.Runner"/>
  <system-out/>
  <testcase name="runScenario" time="16.678" classname="pages.Runner"/>
  <system-out/>
  <testcase name="runScenario" time="10.875" classname="pages.Runner"/>
  <system-out/>
</testsuite> <!-- pages.Runner -->
