<?xml version="1.0" encoding="UTF-8"?>
<!-- Generated by org.testng.reporters.JUnitReportReporter -->
<testsuite skipped="0" hostname="LAPTOP-DCCOGBUJ" name="pages.WebtoLead_Runner" tests="1" failures="0" timestamp="2021-07-30T19:27:16 IST" time="5.350" errors="0">
  <testcase name="runScenario" time="5.350" classname="pages.WebtoLead_Runner"/>
  <system-out/>
</testsuite> <!-- pages.WebtoLead_Runner -->
