<?xml version="1.0" encoding="UTF-8"?>
<!-- Generated by org.testng.reporters.JUnitReportReporter -->
<testsuite skipped="0" hostname="LAPTOP-DCCOGBUJ" name="pages.Login_Runner" tests="1" failures="0" timestamp="2021-07-30T19:27:16 IST" time="11.933" errors="0">
  <testcase name="runScenario" time="11.933" classname="pages.Login_Runner"/>
  <system-out/>
</testsuite> <!-- pages.Login_Runner -->
