<?xml version="1.0" encoding="UTF-8"?>
<!-- Generated by org.testng.reporters.JUnitReportReporter -->
<testsuite skipped="0" hostname="LAPTOP-DCCOGBUJ" name="pages.ContactDelete_Runner" tests="1" failures="0" timestamp="2021-07-30T19:27:16 IST" time="10.192" errors="0">
  <testcase name="runScenario" time="10.192" classname="pages.ContactDelete_Runner"/>
  <system-out/>
</testsuite> <!-- pages.ContactDelete_Runner -->
