<?xml version="1.0" encoding="UTF-8"?>
<!-- Generated by org.testng.reporters.JUnitReportReporter -->
<testsuite skipped="0" hostname="ADMIN-PC" name="testSuite.Login_Runner" tests="1" failures="0" timestamp="2021-07-19T13:50:24 IST" time="32.716" errors="0">
  <testcase name="runScenario" time="32.716" classname="testSuite.Login_Runner"/>
  <system-out/>
</testsuite> <!-- testSuite.Login_Runner -->
